[debug] [2020-07-03T19:55:00.799Z] ----------------------------------------------------------------------
[debug] [2020-07-03T19:55:00.801Z] Command:       C:\Program Files\nodejs\node.exe C:\Users\1\AppData\Roaming\npm\node_modules\firebase-tools\lib\bin\firebase.js serve
[debug] [2020-07-03T19:55:00.802Z] CLI Version:   8.4.3
[debug] [2020-07-03T19:55:00.802Z] Platform:      win32
[debug] [2020-07-03T19:55:00.802Z] Node Version:  v12.18.0
[debug] [2020-07-03T19:55:00.813Z] Time:          Fri Jul 03 2020 22:55:00 GMT+0300 (GMT+03:00)
[debug] [2020-07-03T19:55:00.813Z] ----------------------------------------------------------------------
[debug] [2020-07-03T19:55:00.814Z] 
[debug] [2020-07-03T19:55:00.827Z] > command requires scopes: ["email","openid","https://www.googleapis.com/auth/cloudplatformprojects.readonly","https://www.googleapis.com/auth/firebase","https://www.googleapis.com/auth/cloud-platform"]
[debug] [2020-07-03T19:55:00.827Z] > authorizing via signed-in user
[debug] [2020-07-03T19:55:00.827Z] [iam] checking project test-todo-d1bff for permissions ["firebase.projects.get"]
[debug] [2020-07-03T19:55:00.829Z] > refreshing access token with scopes: ["email","https://www.googleapis.com/auth/cloud-platform","https://www.googleapis.com/auth/cloudplatformprojects.readonly","https://www.googleapis.com/auth/firebase","openid"]
[debug] [2020-07-03T19:55:00.829Z] >>> HTTP REQUEST POST https://www.googleapis.com/oauth2/v3/token  
 <request body omitted>
[debug] [2020-07-03T19:55:01.245Z] <<< HTTP RESPONSE 200 {"content-type":"application/json; charset=utf-8","vary":"X-Origin, Referer, Origin,Accept-Encoding","date":"Fri, 03 Jul 2020 19:54:59 GMT","server":"scaffolding on HTTPServer2","cache-control":"private","x-xss-protection":"0","x-frame-options":"SAMEORIGIN","x-content-type-options":"nosniff","alt-svc":"h3-29=\":443\"; ma=2592000,h3-27=\":443\"; ma=2592000,h3-25=\":443\"; ma=2592000,h3-T050=\":443\"; ma=2592000,h3-Q050=\":443\"; ma=2592000,h3-Q046=\":443\"; ma=2592000,h3-Q043=\":443\"; ma=2592000,quic=\":443\"; ma=2592000; v=\"46,43\"","accept-ranges":"none","transfer-encoding":"chunked"}
[debug] [2020-07-03T19:55:01.249Z] >>> HTTP REQUEST POST https://cloudresourcemanager.googleapis.com/v1/projects/test-todo-d1bff:testIamPermissions  
 {"permissions":["firebase.projects.get"]}
[debug] [2020-07-03T19:55:02.323Z] <<< HTTP RESPONSE 200 {"content-type":"application/json; charset=UTF-8","vary":"X-Origin, Referer, Origin,Accept-Encoding","date":"Fri, 03 Jul 2020 19:55:00 GMT","server":"ESF","cache-control":"private","x-xss-protection":"0","x-frame-options":"SAMEORIGIN","x-content-type-options":"nosniff","server-timing":"gfet4t7; dur=795","alt-svc":"h3-29=\":443\"; ma=2592000,h3-27=\":443\"; ma=2592000,h3-25=\":443\"; ma=2592000,h3-T050=\":443\"; ma=2592000,h3-Q050=\":443\"; ma=2592000,h3-Q046=\":443\"; ma=2592000,h3-Q043=\":443\"; ma=2592000,quic=\":443\"; ma=2592000; v=\"46,43\"","accept-ranges":"none","transfer-encoding":"chunked"}
[debug] [2020-07-03T19:55:02.325Z] >>> HTTP REQUEST GET https://firebase.googleapis.com/v1beta1/projects/test-todo-d1bff  
 
[debug] [2020-07-03T19:55:02.606Z] <<< HTTP RESPONSE 200 {"content-type":"application/json; charset=UTF-8","vary":"X-Origin, Referer, Origin,Accept-Encoding","date":"Fri, 03 Jul 2020 19:55:00 GMT","server":"ESF","cache-control":"private","x-xss-protection":"0","x-frame-options":"SAMEORIGIN","x-content-type-options":"nosniff","alt-svc":"h3-29=\":443\"; ma=2592000,h3-27=\":443\"; ma=2592000,h3-25=\":443\"; ma=2592000,h3-T050=\":443\"; ma=2592000,h3-Q050=\":443\"; ma=2592000,h3-Q046=\":443\"; ma=2592000,h3-Q043=\":443\"; ma=2592000,quic=\":443\"; ma=2592000; v=\"46,43\"","accept-ranges":"none","transfer-encoding":"chunked"}
[info] 
[info] === Serving from 'C:\proj\AngularToDo\to-do'...
[info] 
[debug] [2020-07-03T19:55:02.610Z] >>> HTTP REQUEST GET https://firebase.googleapis.com/v1beta1/projects/test-todo-d1bff/webApps/-/config  
 
[debug] [2020-07-03T19:55:03.701Z] <<< HTTP RESPONSE 200 {"content-type":"application/json; charset=UTF-8","vary":"X-Origin, Referer, Origin,Accept-Encoding","date":"Fri, 03 Jul 2020 19:55:01 GMT","server":"ESF","cache-control":"private","x-xss-protection":"0","x-frame-options":"SAMEORIGIN","x-content-type-options":"nosniff","alt-svc":"h3-29=\":443\"; ma=2592000,h3-27=\":443\"; ma=2592000,h3-25=\":443\"; ma=2592000,h3-T050=\":443\"; ma=2592000,h3-Q050=\":443\"; ma=2592000,h3-Q046=\":443\"; ma=2592000,h3-Q043=\":443\"; ma=2592000,quic=\":443\"; ma=2592000; v=\"46,43\"","accept-ranges":"none","transfer-encoding":"chunked"}
[info] i  hosting[to-do]: Serving hosting files from: dist/to-do {"metadata":{"emulator":{"name":"hosting"},"message":"Serving hosting files from: \u001b[1mdist/to-do\u001b[22m"}}
[info] +  hosting[to-do]: Local server: http://localhost:5000 {"metadata":{"emulator":{"name":"hosting"},"message":"Local server: \u001b[4m\u001b[1mhttp://localhost:5000\u001b[22m\u001b[24m"}}
